#
# There is insufficient memory for the Java Runtime Environment to continue.
# Native memory allocation (malloc) failed to allocate 1048576 bytes for AllocateHeap
# Possible reasons:
#   The system is out of physical RAM or swap space
#   In 32 bit mode, the process size limit was hit
# Possible solutions:
#   Reduce memory load on the system
#   Increase physical memory or swap space
#   Check if swap backing store is full
#   Use 64 bit Java on a 64 bit OS
#   Decrease Java heap size (-Xmx/-Xms)
#   Decrease number of Java threads
#   Decrease Java thread stack sizes (-Xss)
#   Set larger code cache with -XX:ReservedCodeCacheSize=
# This output file may be truncated or incomplete.
#
#  Out of Memory Error (memory/allocation.inline.hpp:61), pid=8220, tid=0x0000000000002dd4
#
# JRE version:  (8.0_101-b13) (build )
# Java VM: Java HotSpot(TM) 64-Bit Server VM (25.101-b13 mixed mode windows-amd64 compressed oops)
# Failed to write core dump. Minidumps are not enabled by default on client versions of Windows
#

---------------  T H R E A D  ---------------

Current thread (0x0000000002750800):  JavaThread "Unknown thread" [_thread_in_vm, id=11732, stack(0x0000000002650000,0x0000000002750000)]

Stack: [0x0000000002650000,0x0000000002750000]
[error occurred during error reporting (printing stack bounds), id 0xc0000005]

Native frames: (J=compiled Java code, j=interpreted, Vv=VM code, C=native code)


---------------  P R O C E S S  ---------------

Java Threads: ( => current thread )

Other Threads:

=>0x0000000002750800 (exited) JavaThread "Unknown thread" [_thread_in_vm, id=11732, stack(0x0000000002650000,0x0000000002750000)]

VM state:not at safepoint (normal execution)

VM Mutex/Monitor currently owned by a thread: None

Heap:
 PSYoungGen      total 35840K, used 614K [0x00000000eab00000, 0x00000000ed300000, 0x0000000100000000)
  eden space 30720K, 2% used [0x00000000eab00000,0x00000000eab999a8,0x00000000ec900000)
  from space 5120K, 0% used [0x00000000ece00000,0x00000000ece00000,0x00000000ed300000)
  to   space 5120K, 0% used [0x00000000ec900000,0x00000000ec900000,0x00000000ece00000)
 ParOldGen       total 81920K, used 0K [0x00000000c0000000, 0x00000000c5000000, 0x00000000eab00000)
  object space 81920K, 0% used [0x00000000c0000000,0x00000000c0000000,0x00000000c5000000)
 Metaspace       used 769K, capacity 4480K, committed 4480K, reserved 1056768K
  class space    used 75K, capacity 384K, committed 384K, reserved 1048576K

Card table byte_map: [0x0000000011c10000,0x0000000011e20000] byte_map_base: 0x0000000011610000

Marking Bits: (ParMarkBitMap*) 0x000000006e5ea6d0
 Begin Bits: [0x0000000012380000, 0x0000000013380000)
 End Bits:   [0x0000000013380000, 0x0000000014380000)

Polling page: 0x0000000000cd0000

CodeCache: size=245760Kb used=327Kb max_used=327Kb free=245432Kb
 bounds [0x0000000002850000, 0x0000000002ac0000, 0x0000000011850000]
 total_blobs=57 nmethods=0 adapters=38
 compilation: enabled

Compilation events (0 events):
No events

GC Heap History (0 events):
No events

Deoptimization events (0 events):
No events

Internal exceptions (0 events):
No events

Events (10 events):
Event: 0.051 loading class java/lang/Short
Event: 0.051 loading class java/lang/Short done
Event: 0.051 loading class java/lang/Integer
Event: 0.051 loading class java/lang/Integer done
Event: 0.051 loading class java/lang/Long
Event: 0.051 loading class java/lang/Long done
Event: 0.053 loading class java/lang/NullPointerException
Event: 0.053 loading class java/lang/NullPointerException done
Event: 0.053 loading class java/lang/ArithmeticException
Event: 0.053 loading class java/lang/ArithmeticException done


Dynamic libraries:
0x00007ff6b1ad0000 - 0x00007ff6b1b07000 	D:\Java\jdk1.8.0_101\bin\java.exe
0x00007ff9482e0000 - 0x00007ff9484b1000 	C:\Windows\SYSTEM32\ntdll.dll
0x00007ff945940000 - 0x00007ff9459eb000 	C:\Windows\System32\KERNEL32.DLL
0x00007ff945410000 - 0x00007ff94562d000 	C:\Windows\System32\KERNELBASE.dll
0x00007ff948230000 - 0x00007ff9482d2000 	C:\Windows\System32\ADVAPI32.dll
0x00007ff9469c0000 - 0x00007ff946a5e000 	C:\Windows\System32\msvcrt.dll
0x00007ff946900000 - 0x00007ff946959000 	C:\Windows\System32\sechost.dll
0x00007ff945b30000 - 0x00007ff945c51000 	C:\Windows\System32\RPCRT4.dll
0x00007ff946790000 - 0x00007ff9468f5000 	C:\Windows\System32\USER32.dll
0x00007ff9450a0000 - 0x00007ff9450be000 	C:\Windows\System32\win32u.dll
0x00007ff945fe0000 - 0x00007ff946014000 	C:\Windows\System32\GDI32.dll
0x00007ff945280000 - 0x00007ff945402000 	C:\Windows\System32\gdi32full.dll
0x00007ff93c150000 - 0x00007ff93c3c9000 	C:\Windows\WinSxS\amd64_microsoft.windows.common-controls_6595b64144ccf1df_6.0.14393.0_none_2d0f50fcbdb171b8\COMCTL32.dll
0x00007ff945c60000 - 0x00007ff945f27000 	C:\Windows\System32\combase.dll
0x00007ff9447d0000 - 0x00007ff9448c5000 	C:\Windows\System32\ucrtbase.dll
0x00007ff945800000 - 0x00007ff94586a000 	C:\Windows\System32\bcryptPrimitives.dll
0x00007ff945f40000 - 0x00007ff945f6e000 	C:\Windows\System32\IMM32.DLL
0x000000006d940000 - 0x000000006da12000 	D:\Java\jdk1.8.0_101\jre\bin\msvcr100.dll
0x000000006ddd0000 - 0x000000006e66a000 	D:\Java\jdk1.8.0_101\jre\bin\server\jvm.dll
0x00007ff945f30000 - 0x00007ff945f38000 	C:\Windows\System32\PSAPI.DLL
0x00007ff93cb60000 - 0x00007ff93cb69000 	C:\Windows\SYSTEM32\WSOCK32.dll
0x00007ff945f70000 - 0x00007ff945fda000 	C:\Windows\System32\WS2_32.dll
0x00007ff942cd0000 - 0x00007ff942cf3000 	C:\Windows\SYSTEM32\WINMM.dll
0x00007ff9402c0000 - 0x00007ff9402ca000 	C:\Windows\SYSTEM32\VERSION.dll
0x00007ff942c70000 - 0x00007ff942c9b000 	C:\Windows\SYSTEM32\WINMMBASE.dll
0x00007ff944fb0000 - 0x00007ff944ff2000 	C:\Windows\System32\cfgmgr32.dll
0x000000006ddc0000 - 0x000000006ddcf000 	D:\Java\jdk1.8.0_101\jre\bin\verify.dll
0x000000006dd90000 - 0x000000006ddb9000 	D:\Java\jdk1.8.0_101\jre\bin\java.dll
0x000000006dd70000 - 0x000000006dd86000 	D:\Java\jdk1.8.0_101\jre\bin\zip.dll

VM Arguments:
jvm_args: -Djava.awt.headless=true -Xmx1024M -Dfile.encoding=GBK -Duser.country=CN -Duser.language=zh -Duser.variant 
java_command: com.android.dx.command.Main --dex --force-jumbo --num-threads=4 --output D:\Arithmetic\Arithmetic-master\app\build\intermediates\pre-dexed\debug\com.android.support-appcompat-v7-24.0.0_b83d0dc1aae71754a62be7bfde4b7dcbb8ef3e7e.jar D:\Arithmetic\Arithmetic-master\app\build\intermediates\exploded-aar\com.android.support\appcompat-v7\24.0.0\jars\classes.jar
java_class_path (initial): D:\AndroidStudio\sdk\build-tools\23.0.2\lib\dx.jar
Launcher Type: SUN_STANDARD

Environment Variables:
JAVA_HOME=D:\Java\jdk1.8.0_101\
CLASSPATH=D:\Java\jdk1.8.0_101\\lib\dt.jar;D:\Java\jdk1.8.0_101\\lib\tools.jar;
PATH=C:\ProgramData\Oracle\Java\javapath;C:\Windows\system32;C:\Windows;C:\Windows\System32\Wbem;C:\Windows\System32\WindowsPowerShell\v1.0\;C:\Program Files (x86)\ATI Technologies\ATI.ACE\Core-Static;D:\Java\jdk1.8.0_101\\bin;C:\Users\Administrator\AppData\Local\Microsoft\WindowsApps;
USERNAME=Administrator
OS=Windows_NT
PROCESSOR_IDENTIFIER=AMD64 Family 18 Model 1 Stepping 0, AuthenticAMD



---------------  S Y S T E M  ---------------

OS: Windows 10.0 , 64 bit Build 14393 (10.0.14393.0)

CPU:total 4 (4 cores per cpu, 1 threads per core) family 18 model 1 stepping 0, cmov, cx8, fxsr, mmx, sse, sse2, sse3, popcnt, mmxext, 3dnowpref, lzcnt, sse4a, tsc, tscinvbit, tscinv

Memory: 4k page, physical 7837804k(677032k free), swap 14392320k(6004k free)

vm_info: Java HotSpot(TM) 64-Bit Server VM (25.101-b13) for windows-amd64 JRE (1.8.0_101-b13), built on Jun 22 2016 01:21:29 by "java_re" with MS VC++ 10.0 (VS2010)

time: Fri Oct 21 14:14:41 2016
elapsed time: 0 seconds (0d 0h 0m 0s)

