#
# There is insufficient memory for the Java Runtime Environment to continue.
# Native memory allocation (malloc) failed to allocate 77168 bytes for Chunk::new
# Possible reasons:
#   The system is out of physical RAM or swap space
#   In 32 bit mode, the process size limit was hit
# Possible solutions:
#   Reduce memory load on the system
#   Increase physical memory or swap space
#   Check if swap backing store is full
#   Use 64 bit Java on a 64 bit OS
#   Decrease Java heap size (-Xmx/-Xms)
#   Decrease number of Java threads
#   Decrease Java thread stack sizes (-Xss)
#   Set larger code cache with -XX:ReservedCodeCacheSize=
# This output file may be truncated or incomplete.
#
#  Out of Memory Error (allocation.cpp:390), pid=10660, tid=0x00000000000039c0
#
# JRE version:  (8.0_101-b13) (build )
# Java VM: Java HotSpot(TM) 64-Bit Server VM (25.101-b13 mixed mode windows-amd64 compressed oops)
# Failed to write core dump. Minidumps are not enabled by default on client versions of Windows
#

---------------  T H R E A D  ---------------

Current thread (0x0000000003170800):  JavaThread "main" [_thread_in_native, id=14784, stack(0x0000000002ff0000,0x00000000030f0000)]

Stack: [0x0000000002ff0000,0x00000000030f0000]
[error occurred during error reporting (printing stack bounds), id 0xc0000005]

Native frames: (J=compiled Java code, j=interpreted, Vv=VM code, C=native code)

Java frames: (J=compiled Java code, j=interpreted, Vv=VM code)
j  java.lang.Class.forName0(Ljava/lang/String;ZLjava/lang/ClassLoader;Ljava/lang/Class;)Ljava/lang/Class;+0
j  java.lang.Class.forName(Ljava/lang/String;ZLjava/lang/ClassLoader;)Ljava/lang/Class;+49
j  sun.nio.cs.AbstractCharsetProvider.lookup(Ljava/lang/String;)Ljava/nio/charset/Charset;+86
j  sun.nio.cs.AbstractCharsetProvider.charsetForName(Ljava/lang/String;)Ljava/nio/charset/Charset;+14
j  java.nio.charset.Charset.lookupExtendedCharset(Ljava/lang/String;)Ljava/nio/charset/Charset;+10
j  java.nio.charset.Charset.lookup2(Ljava/lang/String;)Ljava/nio/charset/Charset;+48
j  java.nio.charset.Charset.lookup(Ljava/lang/String;)Ljava/nio/charset/Charset;+40
j  java.nio.charset.Charset.isSupported(Ljava/lang/String;)Z+1
v  ~StubRoutines::call_stub
j  java.lang.System.initProperties(Ljava/util/Properties;)Ljava/util/Properties;+0
j  java.lang.System.initializeSystemClass()V+13
v  ~StubRoutines::call_stub

---------------  P R O C E S S  ---------------

Java Threads: ( => current thread )
  0x000000001592a000 JavaThread "Finalizer" daemon [_thread_blocked, id=8108, stack(0x0000000016ba0000,0x0000000016ca0000)]
  0x0000000015908800 JavaThread "Reference Handler" daemon [_thread_blocked, id=384, stack(0x0000000016aa0000,0x0000000016ba0000)]
=>0x0000000003170800 JavaThread "main" [_thread_in_native, id=14784, stack(0x0000000002ff0000,0x00000000030f0000)]

Other Threads:
  0x0000000015906800 VMThread [stack: 0x00000000169a0000,0x0000000016aa0000] [id=4828]

VM state:not at safepoint (normal execution)

VM Mutex/Monitor currently owned by a thread: None

Heap:
 PSYoungGen      total 35840K, used 614K [0x00000000eab00000, 0x00000000ed300000, 0x0000000100000000)
  eden space 30720K, 2% used [0x00000000eab00000,0x00000000eab999a8,0x00000000ec900000)
  from space 5120K, 0% used [0x00000000ece00000,0x00000000ece00000,0x00000000ed300000)
  to   space 5120K, 0% used [0x00000000ec900000,0x00000000ec900000,0x00000000ece00000)
 ParOldGen       total 81920K, used 0K [0x00000000c0000000, 0x00000000c5000000, 0x00000000eab00000)
  object space 81920K, 0% used [0x00000000c0000000,0x00000000c0000000,0x00000000c5000000)
 Metaspace       used 1376K, capacity 4480K, committed 4480K, reserved 1056768K
  class space    used 142K, capacity 384K, committed 384K, reserved 1048576K

Card table byte_map: [0x0000000012630000,0x0000000012840000] byte_map_base: 0x0000000012030000

Marking Bits: (ParMarkBitMap*) 0x000000006e5ea6d0
 Begin Bits: [0x0000000012da0000, 0x0000000013da0000)
 End Bits:   [0x0000000013da0000, 0x0000000014da0000)

Polling page: 0x0000000001340000

CodeCache: size=245760Kb used=410Kb max_used=410Kb free=245349Kb
 bounds [0x0000000003270000, 0x00000000034e0000, 0x0000000012270000]
 total_blobs=114 nmethods=0 adapters=89
 compilation: enabled

Compilation events (0 events):
No events

GC Heap History (0 events):
No events

Deoptimization events (0 events):
No events

Internal exceptions (2 events):
Event: 0.074 Thread 0x0000000003170800 Exception <a 'java/lang/NoSuchMethodError': Method sun.misc.Unsafe.defineClass(Ljava/lang/String;[BII)Ljava/lang/Class; name or signature does not match> (0x00000000eab07cc0) thrown at [C:\re\workspace\8-2-build-windows-amd64-cygwin\jdk8u101\7261\hotspot\siÒçƒ⁄≤?
Event: 0.074 Thread 0x0000000003170800 Exception <a 'java/lang/NoSuchMethodError': Method sun.misc.Unsafe.prefetchRead(Ljava/lang/Object;J)V name or signature does not match> (0x00000000eab07fa8) thrown at [C:\re\workspace\8-2-build-windows-amd64-cygwin\jdk8u101\7261\hotspot\src\share\vm\prims\

Events (10 events):
Event: 0.102 loading class java/util/NavigableMap
Event: 0.102 loading class java/util/SortedMap
Event: 0.102 loading class java/util/SortedMap done
Event: 0.102 loading class java/util/NavigableMap done
Event: 0.103 loading class java/util/TreeMap done
Event: 0.104 loading class sun/misc/ASCIICaseInsensitiveComparator
Event: 0.104 loading class sun/misc/ASCIICaseInsensitiveComparator done
Event: 0.104 loading class java/util/TreeMap$Entry
Event: 0.104 loading class java/util/TreeMap$Entry done
Event: 0.142 loading class sun/nio/cs/ext/GBK


Dynamic libraries:
0x00007ff731f70000 - 0x00007ff731fa7000 	D:\Java\jdk1.8.0_101\bin\java.exe
0x00007ff9482e0000 - 0x00007ff9484b1000 	C:\Windows\SYSTEM32\ntdll.dll
0x00007ff945940000 - 0x00007ff9459eb000 	C:\Windows\System32\KERNEL32.DLL
0x00007ff945410000 - 0x00007ff94562d000 	C:\Windows\System32\KERNELBASE.dll
0x00007ff948230000 - 0x00007ff9482d2000 	C:\Windows\System32\ADVAPI32.dll
0x00007ff9469c0000 - 0x00007ff946a5e000 	C:\Windows\System32\msvcrt.dll
0x00007ff946900000 - 0x00007ff946959000 	C:\Windows\System32\sechost.dll
0x00007ff945b30000 - 0x00007ff945c51000 	C:\Windows\System32\RPCRT4.dll
0x00007ff946790000 - 0x00007ff9468f5000 	C:\Windows\System32\USER32.dll
0x00007ff9450a0000 - 0x00007ff9450be000 	C:\Windows\System32\win32u.dll
0x00007ff945fe0000 - 0x00007ff946014000 	C:\Windows\System32\GDI32.dll
0x00007ff945280000 - 0x00007ff945402000 	C:\Windows\System32\gdi32full.dll
0x00007ff93c150000 - 0x00007ff93c3c9000 	C:\Windows\WinSxS\amd64_microsoft.windows.common-controls_6595b64144ccf1df_6.0.14393.0_none_2d0f50fcbdb171b8\COMCTL32.dll
0x00007ff945c60000 - 0x00007ff945f27000 	C:\Windows\System32\combase.dll
0x00007ff9447d0000 - 0x00007ff9448c5000 	C:\Windows\System32\ucrtbase.dll
0x00007ff945800000 - 0x00007ff94586a000 	C:\Windows\System32\bcryptPrimitives.dll
0x00007ff945f40000 - 0x00007ff945f6e000 	C:\Windows\System32\IMM32.DLL
0x000000006d710000 - 0x000000006d7e2000 	D:\Java\jdk1.8.0_101\jre\bin\msvcr100.dll
0x000000006ddd0000 - 0x000000006e66a000 	D:\Java\jdk1.8.0_101\jre\bin\server\jvm.dll
0x00007ff945f30000 - 0x00007ff945f38000 	C:\Windows\System32\PSAPI.DLL
0x00007ff93cb60000 - 0x00007ff93cb69000 	C:\Windows\SYSTEM32\WSOCK32.dll
0x00007ff945f70000 - 0x00007ff945fda000 	C:\Windows\System32\WS2_32.dll
0x00007ff942cd0000 - 0x00007ff942cf3000 	C:\Windows\SYSTEM32\WINMM.dll
0x00007ff9402c0000 - 0x00007ff9402ca000 	C:\Windows\SYSTEM32\VERSION.dll
0x00007ff942c70000 - 0x00007ff942c9b000 	C:\Windows\SYSTEM32\WINMMBASE.dll
0x00007ff944fb0000 - 0x00007ff944ff2000 	C:\Windows\System32\cfgmgr32.dll
0x000000006ddc0000 - 0x000000006ddcf000 	D:\Java\jdk1.8.0_101\jre\bin\verify.dll
0x000000006dd90000 - 0x000000006ddb9000 	D:\Java\jdk1.8.0_101\jre\bin\java.dll
0x000000006dd70000 - 0x000000006dd86000 	D:\Java\jdk1.8.0_101\jre\bin\zip.dll
0x00007ff946b60000 - 0x00007ff948068000 	C:\Windows\System32\SHELL32.dll
0x00007ff9448d0000 - 0x00007ff944faa000 	C:\Windows\System32\windows.storage.dll
0x00007ff944770000 - 0x00007ff9447bc000 	C:\Windows\System32\powrprof.dll
0x00007ff946020000 - 0x00007ff946072000 	C:\Windows\System32\shlwapi.dll
0x00007ff944740000 - 0x00007ff94474f000 	C:\Windows\System32\kernel.appcore.dll
0x00007ff945170000 - 0x00007ff945219000 	C:\Windows\System32\shcore.dll
0x00007ff944750000 - 0x00007ff944764000 	C:\Windows\System32\profapi.dll

VM Arguments:
jvm_args: -Djava.awt.headless=true -Xmx1024M -Dfile.encoding=GBK -Duser.country=CN -Duser.language=zh -Duser.variant 
java_command: com.android.dx.command.Main --dex --force-jumbo --num-threads=4 --output D:\Arithmetic\Arithmetic-master\app\build\intermediates\pre-dexed\debug\com.android.support-support-vector-drawable-24.0.0_6c30048a19683069997cd5554ab149921922ad80.jar D:\Arithmetic\Arithmetic-master\app\build\intermediates\exploded-aar\com.android.support\support-vector-drawable\24.0.0\jars\classes.jar
java_class_path (initial): D:\AndroidStudio\sdk\build-tools\23.0.2\lib\dx.jar
Launcher Type: SUN_STANDARD

Environment Variables:
JAVA_HOME=D:\Java\jdk1.8.0_101\
CLASSPATH=D:\Java\jdk1.8.0_101\\lib\dt.jar;D:\Java\jdk1.8.0_101\\lib\tools.jar;
PATH=C:\ProgramData\Oracle\Java\javapath;C:\Windows\system32;C:\Windows;C:\Windows\System32\Wbem;C:\Windows\System32\WindowsPowerShell\v1.0\;C:\Program Files (x86)\ATI Technologies\ATI.ACE\Core-Static;D:\Java\jdk1.8.0_101\\bin;C:\Users\Administrator\AppData\Local\Microsoft\WindowsApps;
USERNAME=Administrator
OS=Windows_NT
PROCESSOR_IDENTIFIER=AMD64 Family 18 Model 1 Stepping 0, AuthenticAMD



---------------  S Y S T E M  ---------------

OS: Windows 10.0 , 64 bit Build 14393 (10.0.14393.0)

CPU:total 4 (4 cores per cpu, 1 threads per core) family 18 model 1 stepping 0, cmov, cx8, fxsr, mmx, sse, sse2, sse3, popcnt, mmxext, 3dnowpref, lzcnt, sse4a, tsc, tscinvbit, tscinv

Memory: 4k page, physical 7837804k(984384k free), swap 14392320k(4788k free)

vm_info: Java HotSpot(TM) 64-Bit Server VM (25.101-b13) for windows-amd64 JRE (1.8.0_101-b13), built on Jun 22 2016 01:21:29 by "java_re" with MS VC++ 10.0 (VS2010)

time: Fri Oct 21 19:47:34 2016
elapsed time: 0 seconds (0d 0h 0m 0s)

