#
# There is insufficient memory for the Java Runtime Environment to continue.
# Native memory allocation (malloc) failed to allocate 131088 bytes for Chunk::new
# Possible reasons:
#   The system is out of physical RAM or swap space
#   In 32 bit mode, the process size limit was hit
# Possible solutions:
#   Reduce memory load on the system
#   Increase physical memory or swap space
#   Check if swap backing store is full
#   Use 64 bit Java on a 64 bit OS
#   Decrease Java heap size (-Xmx/-Xms)
#   Decrease number of Java threads
#   Decrease Java thread stack sizes (-Xss)
#   Set larger code cache with -XX:ReservedCodeCacheSize=
# This output file may be truncated or incomplete.
#
#  Out of Memory Error (allocation.cpp:390), pid=8200, tid=0x00000000000029cc
#
# JRE version: Java(TM) SE Runtime Environment (8.0_101-b13) (build 1.8.0_101-b13)
# Java VM: Java HotSpot(TM) 64-Bit Server VM (25.101-b13 mixed mode windows-amd64 compressed oops)
# Failed to write core dump. Minidumps are not enabled by default on client versions of Windows
#

---------------  T H R E A D  ---------------

Current thread (0x0000000015cc8000):  JavaThread "C2 CompilerThread0" daemon [_thread_in_native, id=10700, stack(0x00000000171d0000,0x00000000172d0000)]

Stack: [0x00000000171d0000,0x00000000172d0000]
[error occurred during error reporting (printing stack bounds), id 0xc0000005]

Native frames: (J=compiled Java code, j=interpreted, Vv=VM code, C=native code)


Current CompileTask:
C2:  12479 1921   !   4       com.android.dx.cf.code.RopperMachine::run (1550 bytes)


---------------  P R O C E S S  ---------------

Java Threads: ( => current thread )
  0x000000001752e800 JavaThread "pool-1-thread-4" [_thread_in_Java, id=10192, stack(0x0000000017ed0000,0x0000000017fd0000)]
  0x000000001752e000 JavaThread "pool-1-thread-3" [_thread_in_Java, id=5924, stack(0x0000000017dd0000,0x0000000017ed0000)]
  0x000000001752d000 JavaThread "pool-1-thread-2" [_thread_in_Java, id=2328, stack(0x0000000017cd0000,0x0000000017dd0000)]
  0x000000001752a000 JavaThread "pool-2-thread-1" [_thread_blocked, id=15284, stack(0x0000000017bd0000,0x0000000017cd0000)]
  0x0000000017529800 JavaThread "pool-1-thread-1" [_thread_in_vm, id=1560, stack(0x0000000017ad0000,0x0000000017bd0000)]
  0x000000001732b800 JavaThread "Service Thread" daemon [_thread_blocked, id=2540, stack(0x00000000178d0000,0x00000000179d0000)]
  0x0000000017326000 JavaThread "C1 CompilerThread2" daemon [_thread_blocked, id=5232, stack(0x00000000177d0000,0x00000000178d0000)]
  0x0000000017323800 JavaThread "C2 CompilerThread1" daemon [_thread_blocked, id=12648, stack(0x00000000176d0000,0x00000000177d0000)]
=>0x0000000015cc8000 JavaThread "C2 CompilerThread0" daemon [_thread_in_native, id=10700, stack(0x00000000171d0000,0x00000000172d0000)]
  0x0000000015cc7000 JavaThread "Attach Listener" daemon [_thread_blocked, id=9368, stack(0x00000000170d0000,0x00000000171d0000)]
  0x0000000015c7c800 JavaThread "Signal Dispatcher" daemon [_thread_blocked, id=416, stack(0x0000000016fd0000,0x00000000170d0000)]
  0x000000000359a000 JavaThread "Finalizer" daemon [_thread_blocked, id=9800, stack(0x0000000016ed0000,0x0000000016fd0000)]
  0x000000000358f000 JavaThread "Reference Handler" daemon [_thread_blocked, id=6352, stack(0x0000000016dd0000,0x0000000016ed0000)]
  0x00000000034a0800 JavaThread "main" [_thread_in_Java, id=12684, stack(0x0000000003000000,0x0000000003100000)]

Other Threads:
  0x0000000015c36000 VMThread [stack: 0x0000000016cd0000,0x0000000016dd0000] [id=14340]
  0x0000000017381800 WatcherThread [stack: 0x00000000179d0000,0x0000000017ad0000] [id=1200]

VM state:not at safepoint (normal execution)

VM Mutex/Monitor currently owned by a thread: None

Heap:
 PSYoungGen      total 66560K, used 29089K [0x00000000eab00000, 0x00000000ef100000, 0x0000000100000000)
  eden space 61440K, 39% used [0x00000000eab00000,0x00000000ec26b3f0,0x00000000ee700000)
  from space 5120K, 99% used [0x00000000ee700000,0x00000000eebfd278,0x00000000eec00000)
  to   space 5120K, 0% used [0x00000000eec00000,0x00000000eec00000,0x00000000ef100000)
 ParOldGen       total 81920K, used 16673K [0x00000000c0000000, 0x00000000c5000000, 0x00000000eab00000)
  object space 81920K, 20% used [0x00000000c0000000,0x00000000c1048648,0x00000000c5000000)
 Metaspace       used 6404K, capacity 7156K, committed 7296K, reserved 1056768K
  class space    used 603K, capacity 620K, committed 640K, reserved 1048576K

Card table byte_map: [0x0000000012960000,0x0000000012b70000] byte_map_base: 0x0000000012360000

Marking Bits: (ParMarkBitMap*) 0x000000006e5ea6d0
 Begin Bits: [0x00000000130d0000, 0x00000000140d0000)
 End Bits:   [0x00000000140d0000, 0x00000000150d0000)

Polling page: 0x00000000013a0000

CodeCache: size=245760Kb used=8492Kb max_used=8507Kb free=237267Kb
 bounds [0x00000000035a0000, 0x0000000003e00000, 0x00000000125a0000]
 total_blobs=2146 nmethods=1874 adapters=184
 compilation: disabled (not enough contiguous free space left)

Compilation events (10 events):
Event: 12.328 Thread 0x0000000017323800 nmethod 1909 0x0000000003df5290 code [0x0000000003df54c0, 0x0000000003df6e08]
Event: 12.404 Thread 0x0000000017326000 1916   !   3       com.android.dx.cf.code.Ropper::processBlock (1101 bytes)
Event: 12.405 Thread 0x0000000015cc8000 1917       4       com.android.dx.rop.code.InsnList::set (7 bytes)
Event: 12.407 Thread 0x0000000015cc8000 nmethod 1917 0x0000000003da7490 code [0x0000000003da75e0, 0x0000000003da76f8]
Event: 12.410 Thread 0x0000000017323800 1919       4       java.util.TreeMap$ValueIterator::next (8 bytes)
Event: 12.413 Thread 0x0000000015cc8000 1921   !   4       com.android.dx.cf.code.RopperMachine::run (1550 bytes)
Event: 12.415 Thread 0x0000000017323800 nmethod 1919 0x0000000003da7010 code [0x0000000003da7160, 0x0000000003da72b8]
Event: 12.418 Thread 0x0000000017323800 1922 %     4       java.util.BitSet::cardinality @ 4 (32 bytes)
Event: 12.423 Thread 0x0000000017323800 

Event: 12.425 Thread 0x0000000017326000 


GC Heap History (6 events):
Event: 4.374 GC heap before
{Heap before GC invocations=1 (full 0):
 PSYoungGen      total 35840K, used 30720K [0x00000000eab00000, 0x00000000ed300000, 0x0000000100000000)
  eden space 30720K, 100% used [0x00000000eab00000,0x00000000ec900000,0x00000000ec900000)
  from space 5120K, 0% used [0x00000000ece00000,0x00000000ece00000,0x00000000ed300000)
  to   space 5120K, 0% used [0x00000000ec900000,0x00000000ec900000,0x00000000ece00000)
 ParOldGen       total 81920K, used 0K [0x00000000c0000000, 0x00000000c5000000, 0x00000000eab00000)
  object space 81920K, 0% used [0x00000000c0000000,0x00000000c0000000,0x00000000c5000000)
 Metaspace       used 6105K, capacity 6962K, committed 7040K, reserved 1056768K
  class space    used 598K, capacity 618K, committed 640K, reserved 1048576K
Event: 4.555 GC heap after
Heap after GC invocations=1 (full 0):
 PSYoungGen      total 35840K, used 5103K [0x00000000eab00000, 0x00000000ef100000, 0x0000000100000000)
  eden space 30720K, 0% used [0x00000000eab00000,0x00000000eab00000,0x00000000ec900000)
  from space 5120K, 99% used [0x00000000ec900000,0x00000000ecdfbc98,0x00000000ece00000)
  to   space 5120K, 0% used [0x00000000eec00000,0x00000000eec00000,0x00000000ef100000)
 ParOldGen       total 81920K, used 1681K [0x00000000c0000000, 0x00000000c5000000, 0x00000000eab00000)
  object space 81920K, 2% used [0x00000000c0000000,0x00000000c01a47b8,0x00000000c5000000)
 Metaspace       used 6105K, capacity 6962K, committed 7040K, reserved 1056768K
  class space    used 598K, capacity 618K, committed 640K, reserved 1048576K
}
Event: 7.976 GC heap before
{Heap before GC invocations=2 (full 0):
 PSYoungGen      total 35840K, used 35823K [0x00000000eab00000, 0x00000000ef100000, 0x0000000100000000)
  eden space 30720K, 100% used [0x00000000eab00000,0x00000000ec900000,0x00000000ec900000)
  from space 5120K, 99% used [0x00000000ec900000,0x00000000ecdfbc98,0x00000000ece00000)
  to   space 5120K, 0% used [0x00000000eec00000,0x00000000eec00000,0x00000000ef100000)
 ParOldGen       total 81920K, used 1681K [0x00000000c0000000, 0x00000000c5000000, 0x00000000eab00000)
  object space 81920K, 2% used [0x00000000c0000000,0x00000000c01a47b8,0x00000000c5000000)
 Metaspace       used 6281K, capacity 7092K, committed 7296K, reserved 1056768K
  class space    used 602K, capacity 620K, committed 640K, reserved 1048576K
Event: 8.187 GC heap after
Heap after GC invocations=2 (full 0):
 PSYoungGen      total 66560K, used 5119K [0x00000000eab00000, 0x00000000ef100000, 0x0000000100000000)
  eden space 61440K, 0% used [0x00000000eab00000,0x00000000eab00000,0x00000000ee700000)
  from space 5120K, 99% used [0x00000000eec00000,0x00000000ef0ffc88,0x00000000ef100000)
  to   space 5120K, 0% used [0x00000000ee700000,0x00000000ee700000,0x00000000eec00000)
 ParOldGen       total 81920K, used 5747K [0x00000000c0000000, 0x00000000c5000000, 0x00000000eab00000)
  object space 81920K, 7% used [0x00000000c0000000,0x00000000c059cd80,0x00000000c5000000)
 Metaspace       used 6281K, capacity 7092K, committed 7296K, reserved 1056768K
  class space    used 602K, capacity 620K, committed 640K, reserved 1048576K
}
Event: 10.991 GC heap before
{Heap before GC invocations=3 (full 0):
 PSYoungGen      total 66560K, used 66559K [0x00000000eab00000, 0x00000000ef100000, 0x0000000100000000)
  eden space 61440K, 100% used [0x00000000eab00000,0x00000000ee700000,0x00000000ee700000)
  from space 5120K, 99% used [0x00000000eec00000,0x00000000ef0ffc88,0x00000000ef100000)
  to   space 5120K, 0% used [0x00000000ee700000,0x00000000ee700000,0x00000000eec00000)
 ParOldGen       total 81920K, used 5747K [0x00000000c0000000, 0x00000000c5000000, 0x00000000eab00000)
  object space 81920K, 7% used [0x00000000c0000000,0x00000000c059cd80,0x00000000c5000000)
 Metaspace       used 6402K, capacity 7156K, committed 7296K, reserved 1056768K
  class space    used 603K, capacity 620K, committed 640K, reserved 1048576K
Event: 11.452 GC heap after
Heap after GC invocations=3 (full 0):
 PSYoungGen      total 66560K, used 5108K [0x00000000eab00000, 0x00000000ef100000, 0x0000000100000000)
  eden space 61440K, 0% used [0x00000000eab00000,0x00000000eab00000,0x00000000ee700000)
  from space 5120K, 99% used [0x00000000ee700000,0x00000000eebfd278,0x00000000eec00000)
  to   space 5120K, 0% used [0x00000000eec00000,0x00000000eec00000,0x00000000ef100000)
 ParOldGen       total 81920K, used 16673K [0x00000000c0000000, 0x00000000c5000000, 0x00000000eab00000)
  object space 81920K, 20% used [0x00000000c0000000,0x00000000c1048648,0x00000000c5000000)
 Metaspace       used 6402K, capacity 7156K, committed 7296K, reserved 1056768K
  class space    used 603K, capacity 620K, committed 640K, reserved 1048576K
}

Deoptimization events (10 events):
Event: 9.284 Thread 0x000000001752d000 Uncommon trap: reason=bimorphic action=maybe_recompile pc=0x0000000003b65a88 method=com.android.dx.cf.code.BytecodeArray.parseInstruction(ILcom/android/dx/cf/code/BytecodeArray$Visitor;)I @ 1501
Event: 9.306 Thread 0x000000001752e000 Uncommon trap: reason=bimorphic action=maybe_recompile pc=0x0000000003b65838 method=com.android.dx.cf.code.BytecodeArray.parseInstruction(ILcom/android/dx/cf/code/BytecodeArray$Visitor;)I @ 2135
Event: 9.307 Thread 0x000000001752e000 Uncommon trap: reason=bimorphic action=maybe_recompile pc=0x0000000003b65838 method=com.android.dx.cf.code.BytecodeArray.parseInstruction(ILcom/android/dx/cf/code/BytecodeArray$Visitor;)I @ 2135
Event: 9.308 Thread 0x000000001752e000 Uncommon trap: reason=class_check action=maybe_recompile pc=0x0000000003a263cc method=java.util.HashMap.putVal(ILjava/lang/Object;Ljava/lang/Object;ZZ)Ljava/lang/Object; @ 203
Event: 9.474 Thread 0x000000001752d000 Uncommon trap: reason=unstable_if action=reinterpret pc=0x0000000003c391bc method=com.android.dx.cf.code.RopperMachine.run(Lcom/android/dx/cf/code/Frame;II)V @ 1500
Event: 9.544 Thread 0x00000000034a0800 Uncommon trap: reason=unstable_if action=reinterpret pc=0x0000000003ae70cc method=com.android.dx.ssa.MoveParamCombiner$1.visitNonMoveInsn(Lcom/android/dx/ssa/NormalSsaInsn;)V @ 27
Event: 9.691 Thread 0x000000001752e800 Uncommon trap: reason=unstable_if action=reinterpret pc=0x0000000003d3b300 method=com.android.dx.ssa.LocalVariableExtractor.processBlock(I)V @ 251
Event: 11.896 Thread 0x000000001752e800 Uncommon trap: reason=unstable_if action=reinterpret pc=0x0000000003dca028 method=com.android.dx.cf.code.Ropper.isSynchronized()Z @ 12
Event: 12.139 Thread 0x000000001752d000 Uncommon trap: reason=unstable_if action=reinterpret pc=0x0000000003bf16f4 method=com.android.dx.rop.code.BasicBlockList.preferredSuccessorOf(Lcom/android/dx/rop/code/BasicBlock;)Lcom/android/dx/rop/code/BasicBlock; @ 58
Event: 12.406 Thread 0x00000000034a0800 Uncommon trap: reason=unstable_if action=reinterpret pc=0x0000000003c92130 method=com.android.dx.rop.code.RegisterSpecSet.localItemToSpec(Lcom/android/dx/rop/code/LocalItem;)Lcom/android/dx/rop/code/RegisterSpec; @ 35

Internal exceptions (3 events):
Event: 0.074 Thread 0x00000000034a0800 Exception <a 'java/lang/NoSuchMethodError': Method sun.misc.Unsafe.defineClass(Ljava/lang/String;[BII)Ljava/lang/Class; name or signature does not match> (0x00000000eab07cc0) thrown at [C:\re\workspace\8-2-build-windows-amd64-cygwin\jdk8u101\7261\hotspot\sì5x¿ö³?
Event: 0.075 Thread 0x00000000034a0800 Exception <a 'java/lang/NoSuchMethodError': Method sun.misc.Unsafe.prefetchRead(Ljava/lang/Object;J)V name or signature does not match> (0x00000000eab07fa8) thrown at [C:\re\workspace\8-2-build-windows-amd64-cygwin\jdk8u101\7261\hotspot\src\share\vm\prims\ç	ÓcD@
Event: 6.011 Thread 0x000000001752d000 Implicit null exception at 0x00000000038e419d to 0x00000000038e58f5

Events (10 events):
Event: 11.452 Executing VM operation: ParallelGCFailedAllocation done
Event: 11.895 Thread 0x000000001752e800 Uncommon trap: trap_request=0xffffff65 fr.pc=0x0000000003dca028
Event: 11.896 Thread 0x000000001752e800 DEOPT PACKING pc=0x0000000003dca028 sp=0x0000000017fcea80
Event: 11.896 Thread 0x000000001752e800 DEOPT UNPACKING pc=0x00000000035e582a sp=0x0000000017fce9e8 mode 2
Event: 12.139 Thread 0x000000001752d000 Uncommon trap: trap_request=0xffffff65 fr.pc=0x0000000003bf16f4
Event: 12.139 Thread 0x000000001752d000 DEOPT PACKING pc=0x0000000003bf16f4 sp=0x0000000017dcea80
Event: 12.139 Thread 0x000000001752d000 DEOPT UNPACKING pc=0x00000000035e582a sp=0x0000000017dcea08 mode 2
Event: 12.406 Thread 0x00000000034a0800 Uncommon trap: trap_request=0xffffff65 fr.pc=0x0000000003c92130
Event: 12.406 Thread 0x00000000034a0800 DEOPT PACKING pc=0x0000000003c92130 sp=0x00000000030fe6d0
Event: 12.406 Thread 0x00000000034a0800 DEOPT UNPACKING pc=0x00000000035e582a sp=0x00000000030fe5f8 mode 2


Dynamic libraries:
0x00007ff731f70000 - 0x00007ff731fa7000 	D:\Java\jdk1.8.0_101\bin\java.exe
0x00007ff9482e0000 - 0x00007ff9484b1000 	C:\Windows\SYSTEM32\ntdll.dll
0x00007ff945940000 - 0x00007ff9459eb000 	C:\Windows\System32\KERNEL32.DLL
0x00007ff945410000 - 0x00007ff94562d000 	C:\Windows\System32\KERNELBASE.dll
0x00007ff948230000 - 0x00007ff9482d2000 	C:\Windows\System32\ADVAPI32.dll
0x00007ff9469c0000 - 0x00007ff946a5e000 	C:\Windows\System32\msvcrt.dll
0x00007ff946900000 - 0x00007ff946959000 	C:\Windows\System32\sechost.dll
0x00007ff945b30000 - 0x00007ff945c51000 	C:\Windows\System32\RPCRT4.dll
0x00007ff946790000 - 0x00007ff9468f5000 	C:\Windows\System32\USER32.dll
0x00007ff9450a0000 - 0x00007ff9450be000 	C:\Windows\System32\win32u.dll
0x00007ff945fe0000 - 0x00007ff946014000 	C:\Windows\System32\GDI32.dll
0x00007ff945280000 - 0x00007ff945402000 	C:\Windows\System32\gdi32full.dll
0x00007ff93c150000 - 0x00007ff93c3c9000 	C:\Windows\WinSxS\amd64_microsoft.windows.common-controls_6595b64144ccf1df_6.0.14393.0_none_2d0f50fcbdb171b8\COMCTL32.dll
0x00007ff945c60000 - 0x00007ff945f27000 	C:\Windows\System32\combase.dll
0x00007ff9447d0000 - 0x00007ff9448c5000 	C:\Windows\System32\ucrtbase.dll
0x00007ff945800000 - 0x00007ff94586a000 	C:\Windows\System32\bcryptPrimitives.dll
0x00007ff945f40000 - 0x00007ff945f6e000 	C:\Windows\System32\IMM32.DLL
0x000000006d710000 - 0x000000006d7e2000 	D:\Java\jdk1.8.0_101\jre\bin\msvcr100.dll
0x000000006ddd0000 - 0x000000006e66a000 	D:\Java\jdk1.8.0_101\jre\bin\server\jvm.dll
0x00007ff945f30000 - 0x00007ff945f38000 	C:\Windows\System32\PSAPI.DLL
0x00007ff93cb60000 - 0x00007ff93cb69000 	C:\Windows\SYSTEM32\WSOCK32.dll
0x00007ff942cd0000 - 0x00007ff942cf3000 	C:\Windows\SYSTEM32\WINMM.dll
0x00007ff945f70000 - 0x00007ff945fda000 	C:\Windows\System32\WS2_32.dll
0x00007ff9402c0000 - 0x00007ff9402ca000 	C:\Windows\SYSTEM32\VERSION.dll
0x00007ff942c70000 - 0x00007ff942c9b000 	C:\Windows\SYSTEM32\WINMMBASE.dll
0x00007ff944fb0000 - 0x00007ff944ff2000 	C:\Windows\System32\cfgmgr32.dll
0x000000006ddc0000 - 0x000000006ddcf000 	D:\Java\jdk1.8.0_101\jre\bin\verify.dll
0x000000006dd90000 - 0x000000006ddb9000 	D:\Java\jdk1.8.0_101\jre\bin\java.dll
0x000000006dd70000 - 0x000000006dd86000 	D:\Java\jdk1.8.0_101\jre\bin\zip.dll
0x00007ff946b60000 - 0x00007ff948068000 	C:\Windows\System32\SHELL32.dll
0x00007ff9448d0000 - 0x00007ff944faa000 	C:\Windows\System32\windows.storage.dll
0x00007ff944770000 - 0x00007ff9447bc000 	C:\Windows\System32\powrprof.dll
0x00007ff946020000 - 0x00007ff946072000 	C:\Windows\System32\shlwapi.dll
0x00007ff944740000 - 0x00007ff94474f000 	C:\Windows\System32\kernel.appcore.dll
0x00007ff945170000 - 0x00007ff945219000 	C:\Windows\System32\shcore.dll
0x00007ff944750000 - 0x00007ff944764000 	C:\Windows\System32\profapi.dll

VM Arguments:
jvm_args: -Djava.awt.headless=true -Xmx1024M -Dfile.encoding=GBK -Duser.country=CN -Duser.language=zh -Duser.variant 
java_command: com.android.dx.command.Main --dex --force-jumbo --num-threads=4 --output D:\Arithmetic\Arithmetic-master\app\build\intermediates\pre-dexed\debug\org.jbundle.util.osgi.wrapped.org.apache.http.client-4.1.2_6f1e7a1081f23c7e6bd22926b11e2a03add2eba1.jar C:\Users\Administrator\.gradle\caches\modules-2\files-2.1\org.jbundle.util.osgi.wrapped\org.jbundle.util.osgi.wrapped.org.apache.http.client\4.1.2\98c86e42679fe7ac066f6c242e0d14f0bce0bb7c\org.jbundle.util.osgi.wrapped.org.apache.http.client-4.1.2.jar
java_class_path (initial): D:\AndroidStudio\sdk\build-tools\23.0.2\lib\dx.jar
Launcher Type: SUN_STANDARD

Environment Variables:
JAVA_HOME=D:\Java\jdk1.8.0_101\
CLASSPATH=D:\Java\jdk1.8.0_101\\lib\dt.jar;D:\Java\jdk1.8.0_101\\lib\tools.jar;
PATH=C:\ProgramData\Oracle\Java\javapath;C:\Windows\system32;C:\Windows;C:\Windows\System32\Wbem;C:\Windows\System32\WindowsPowerShell\v1.0\;C:\Program Files (x86)\ATI Technologies\ATI.ACE\Core-Static;D:\Java\jdk1.8.0_101\\bin;C:\Users\Administrator\AppData\Local\Microsoft\WindowsApps;
USERNAME=Administrator
OS=Windows_NT
PROCESSOR_IDENTIFIER=AMD64 Family 18 Model 1 Stepping 0, AuthenticAMD



---------------  S Y S T E M  ---------------

OS: Windows 10.0 , 64 bit Build 14393 (10.0.14393.0)

CPU:total 4 (4 cores per cpu, 1 threads per core) family 18 model 1 stepping 0, cmov, cx8, fxsr, mmx, sse, sse2, sse3, popcnt, mmxext, 3dnowpref, lzcnt, sse4a, tsc, tscinvbit, tscinv

Memory: 4k page, physical 7837804k(716352k free), swap 14392320k(3424k free)

vm_info: Java HotSpot(TM) 64-Bit Server VM (25.101-b13) for windows-amd64 JRE (1.8.0_101-b13), built on Jun 22 2016 01:21:29 by "java_re" with MS VC++ 10.0 (VS2010)

time: Fri Oct 21 19:47:32 2016
elapsed time: 12 seconds (0d 0h 0m 12s)

